<?xml version="1.0" encoding="UTF-8"?>
<!-- Generated by org.testng.reporters.JUnitReportReporter -->
<testsuite hostname="225-Animesh-EIMS" failures="0" tests="1" name="Script.LoginE2eCase" time="0.999" errors="0" timestamp="2024-09-12T23:47:22 IST" skipped="0">
  <testcase classname="Script.LoginE2eCase" name="loginAndLogout" time="0.999"/>
</testsuite> <!-- Script.LoginE2eCase -->
